Copyright 1986-2016 Xilinx, Inc. All Rights Reserved.
----------------------------------------------------------------------------------------------------------------------------------
| Tool Version     : Vivado v.2016.4 (win64) Build 1733598 Wed Dec 14 22:35:39 MST 2016
| Date             : Sat Feb 04 01:32:32 2017
| Host             : Ali-PC running 64-bit major release  (build 9200)
| Command          : report_power -file game_power_routed.rpt -pb game_power_summary_routed.pb -rpx game_power_routed.rpx
| Design           : game
| Device           : xc7a35tcpg236-1
| Design State     : routed
| Grade            : commercial
| Process          : typical
| Characterization : Production
----------------------------------------------------------------------------------------------------------------------------------

Power Report

Table of Contents
-----------------
1. Summary
1.1 On-Chip Components
1.2 Power Supply Summary
1.3 Confidence Level
2. Settings
2.1 Environment
2.2 Clock Constraints
3. Detailed Reports
3.1 By Hierarchy

1. Summary
----------

+--------------------------+-------+
| Total On-Chip Power (W)  | 0.245 |
| Dynamic (W)              | 0.173 |
| Device Static (W)        | 0.072 |
| Effective TJA (C/W)      | 5.0   |
| Max Ambient (C)          | 83.8  |
| Junction Temperature (C) | 26.2  |
| Confidence Level         | Low   |
| Setting File             | ---   |
| Simulation Activity File | ---   |
| Design Nets Matched      | NA    |
+--------------------------+-------+


1.1 On-Chip Components
----------------------

+----------------+-----------+----------+-----------+-----------------+
| On-Chip        | Power (W) | Used     | Available | Utilization (%) |
+----------------+-----------+----------+-----------+-----------------+
| Clocks         |     0.004 |        5 |       --- |             --- |
| Slice Logic    |     0.013 |     4080 |       --- |             --- |
|   LUT as Logic |     0.011 |     2229 |     20800 |           10.72 |
|   CARRY4       |     0.001 |      512 |      8150 |            6.28 |
|   F7/F8 Muxes  |    <0.001 |      153 |     32600 |            0.47 |
|   Register     |    <0.001 |      522 |     41600 |            1.25 |
|   Others       |     0.000 |       13 |       --- |             --- |
| Signals        |     0.012 |     2285 |       --- |             --- |
| Block RAM      |    <0.001 |        1 |        50 |            2.00 |
| MMCM           |     0.123 |        1 |         5 |           20.00 |
| I/O            |     0.021 |       30 |       106 |           28.30 |
| Static Power   |     0.072 |          |           |                 |
| Total          |     0.245 |          |           |                 |
+----------------+-----------+----------+-----------+-----------------+


1.2 Power Supply Summary
------------------------

+-----------+-------------+-----------+-------------+------------+
| Source    | Voltage (V) | Total (A) | Dynamic (A) | Static (A) |
+-----------+-------------+-----------+-------------+------------+
| Vccint    |       1.000 |     0.040 |       0.030 |      0.010 |
| Vccaux    |       1.800 |     0.082 |       0.069 |      0.013 |
| Vcco33    |       3.300 |     0.007 |       0.006 |      0.001 |
| Vcco25    |       2.500 |     0.000 |       0.000 |      0.000 |
| Vcco18    |       1.800 |     0.000 |       0.000 |      0.000 |
| Vcco15    |       1.500 |     0.000 |       0.000 |      0.000 |
| Vcco135   |       1.350 |     0.000 |       0.000 |      0.000 |
| Vcco12    |       1.200 |     0.000 |       0.000 |      0.000 |
| Vccaux_io |       1.800 |     0.000 |       0.000 |      0.000 |
| Vccbram   |       1.000 |     0.000 |       0.000 |      0.000 |
| MGTAVcc   |       1.000 |     0.000 |       0.000 |      0.000 |
| MGTAVtt   |       1.200 |     0.000 |       0.000 |      0.000 |
| Vccadc    |       1.800 |     0.020 |       0.000 |      0.020 |
+-----------+-------------+-----------+-------------+------------+


1.3 Confidence Level
--------------------

+-----------------------------+------------+--------------------------------------------------------+------------------------------------------------------------------------------------------------------------+
| User Input Data             | Confidence | Details                                                | Action                                                                                                     |
+-----------------------------+------------+--------------------------------------------------------+------------------------------------------------------------------------------------------------------------+
| Design implementation state | High       | Design is routed                                       |                                                                                                            |
| Clock nodes activity        | High       | User specified more than 95% of clocks                 |                                                                                                            |
| I/O nodes activity          | Low        | More than 75% of inputs are missing user specification | Provide missing input activity with simulation results or by editing the "By Resource Type -> I/Os" view   |
| Internal nodes activity     | Medium     | User specified less than 25% of internal nodes         | Provide missing internal nodes activity with simulation results or by editing the "By Resource Type" views |
| Device models               | High       | Device models are Production                           |                                                                                                            |
|                             |            |                                                        |                                                                                                            |
| Overall confidence level    | Low        |                                                        |                                                                                                            |
+-----------------------------+------------+--------------------------------------------------------+------------------------------------------------------------------------------------------------------------+


2. Settings
-----------

2.1 Environment
---------------

+-----------------------+--------------------------+
| Ambient Temp (C)      | 25.0                     |
| ThetaJA (C/W)         | 5.0                      |
| Airflow (LFM)         | 250                      |
| Heat Sink             | medium (Medium Profile)  |
| ThetaSA (C/W)         | 4.6                      |
| Board Selection       | medium (10"x10")         |
| # of Board Layers     | 12to15 (12 to 15 Layers) |
| Board Temperature (C) | 25.0                     |
+-----------------------+--------------------------+


2.2 Clock Constraints
---------------------

+------------------------------+-----------------------------------------+-----------------+
| Clock                        | Domain                                  | Constraint (ns) |
+------------------------------+-----------------------------------------+-----------------+
| VGA/pixel_clock/inst/clk_in1 | clk_IBUF_BUFG                           |            10.0 |
| clk_out1_clk_wiz_0           | VGA/pixel_clock/inst/clk_out1_clk_wiz_0 |             9.3 |
| clkfbout_clk_wiz_0           | VGA/pixel_clock/inst/clkfbout_clk_wiz_0 |            10.0 |
+------------------------------+-----------------------------------------+-----------------+


3. Detailed Reports
-------------------

3.1 By Hierarchy
----------------

+-------------------+-----------+
| Name              | Power (W) |
+-------------------+-----------+
| game              |     0.173 |
|   DB_D            |    <0.001 |
|   DB_U            |    <0.001 |
|   VGA             |     0.142 |
|     pixel_clock   |     0.124 |
|       inst        |     0.124 |
|   sevenSegDisplay |    <0.001 |
+-------------------+-----------+


